<testsuites id="" name="" tests="6" failures="3" skipped="0" errors="0" time="65.097806">
<testsuite name="login.spec.ts" timestamp="2025-08-27T15:20:41.435Z" hostname="chromium" tests="1" failures="0" skipped="0" time="6.69" errors="0">
<testcase name="Un usuario administrador debería poder iniciar sesión correctamente" classname="login.spec.ts" time="6.69">
</testcase>
</testsuite>
<testsuite name="logout.spec.ts" timestamp="2025-08-27T15:20:41.435Z" hostname="chromium" tests="1" failures="0" skipped="0" time="6.869" errors="0">
<testcase name="Un usuario debería poder cerrar sesión correctamente" classname="logout.spec.ts" time="6.869">
</testcase>
</testsuite>
<testsuite name="productos.spec.ts" timestamp="2025-08-27T15:20:41.435Z" hostname="chromium" tests="4" failures="3" skipped="0" time="138.006" errors="0">
<testcase name="Un usuario administrador debería poder crear un nuevo producto" classname="productos.spec.ts" time="24.745">
<failure message="productos.spec.ts:27:5 Un usuario administrador debería poder crear un nuevo producto" type="FAILURE">
<![CDATA[  [chromium] › productos.spec.ts:27:5 › Un usuario administrador debería poder crear un nuevo producto 

    Error: Timed out 5000ms waiting for expect(locator).toBeVisible()

    Locator: getByRole('cell', { name: 'Café de Origen Único 1756308050166' })
    Expected: visible
    Received: <element(s) not found>
    Call log:
      - Expect "toBeVisible" with timeout 5000ms
      - waiting for getByRole('cell', { name: 'Café de Origen Único 1756308050166' })


      73 |   await page.waitForURL('**/productos');
      74 |   await expect(page.getByRole('heading', { name: 'Productos' })).toBeVisible();
    > 75 |   await expect(page.getByRole('cell', { name: nombreProducto })).toBeVisible();
         |                                                                  ^
      76 | });
      77 |
      78 | test('Un usuario debería poder editar un producto existente', async ({ page }) => {
        at /Users/moisesrodriguezpena/Documents/GitHub/Proyecto_final_ACS/front-inventario/tests/productos.spec.ts:75:66

    attachment #1: screenshot (image/png) ──────────────────────────────────────────────────────────
    ../test-results/productos-Un-usuario-admin-a7e3d-der-crear-un-nuevo-producto-chromium/test-failed-1.png
    ────────────────────────────────────────────────────────────────────────────────────────────────

    attachment #2: video (video/webm) ──────────────────────────────────────────────────────────────
    ../test-results/productos-Un-usuario-admin-a7e3d-der-crear-un-nuevo-producto-chromium/video.webm
    ────────────────────────────────────────────────────────────────────────────────────────────────

    Error Context: ../test-results/productos-Un-usuario-admin-a7e3d-der-crear-un-nuevo-producto-chromium/error-context.md

    Retry #1 ───────────────────────────────────────────────────────────────────────────────────────

    Error: Timed out 5000ms waiting for expect(locator).toBeVisible()

    Locator: getByRole('cell', { name: 'Café de Origen Único 1756308061434' })
    Expected: visible
    Received: <element(s) not found>
    Call log:
      - Expect "toBeVisible" with timeout 5000ms
      - waiting for getByRole('cell', { name: 'Café de Origen Único 1756308061434' })


      73 |   await page.waitForURL('**/productos');
      74 |   await expect(page.getByRole('heading', { name: 'Productos' })).toBeVisible();
    > 75 |   await expect(page.getByRole('cell', { name: nombreProducto })).toBeVisible();
         |                                                                  ^
      76 | });
      77 |
      78 | test('Un usuario debería poder editar un producto existente', async ({ page }) => {
        at /Users/moisesrodriguezpena/Documents/GitHub/Proyecto_final_ACS/front-inventario/tests/productos.spec.ts:75:66

    attachment #1: screenshot (image/png) ──────────────────────────────────────────────────────────
    ../test-results/productos-Un-usuario-admin-a7e3d-der-crear-un-nuevo-producto-chromium-retry1/test-failed-1.png
    ────────────────────────────────────────────────────────────────────────────────────────────────

    attachment #2: video (video/webm) ──────────────────────────────────────────────────────────────
    ../test-results/productos-Un-usuario-admin-a7e3d-der-crear-un-nuevo-producto-chromium-retry1/video.webm
    ────────────────────────────────────────────────────────────────────────────────────────────────

    Error Context: ../test-results/productos-Un-usuario-admin-a7e3d-der-crear-un-nuevo-producto-chromium-retry1/error-context.md

    attachment #4: trace (application/zip) ─────────────────────────────────────────────────────────
    ../test-results/productos-Un-usuario-admin-a7e3d-der-crear-un-nuevo-producto-chromium-retry1/trace.zip
    Usage:

        npx playwright show-trace ../test-results/productos-Un-usuario-admin-a7e3d-der-crear-un-nuevo-producto-chromium-retry1/trace.zip

    ────────────────────────────────────────────────────────────────────────────────────────────────
]]>
</failure>
<system-out>
<![CDATA[
[[ATTACHMENT|productos-Un-usuario-admin-a7e3d-der-crear-un-nuevo-producto-chromium/test-failed-1.png]]

[[ATTACHMENT|productos-Un-usuario-admin-a7e3d-der-crear-un-nuevo-producto-chromium/video.webm]]

[[ATTACHMENT|productos-Un-usuario-admin-a7e3d-der-crear-un-nuevo-producto-chromium/error-context.md]]

[[ATTACHMENT|productos-Un-usuario-admin-a7e3d-der-crear-un-nuevo-producto-chromium-retry1/test-failed-1.png]]

[[ATTACHMENT|productos-Un-usuario-admin-a7e3d-der-crear-un-nuevo-producto-chromium-retry1/video.webm]]

[[ATTACHMENT|productos-Un-usuario-admin-a7e3d-der-crear-un-nuevo-producto-chromium-retry1/error-context.md]]

[[ATTACHMENT|productos-Un-usuario-admin-a7e3d-der-crear-un-nuevo-producto-chromium-retry1/trace.zip]]
]]>
</system-out>
</testcase>
<testcase name="Un usuario debería poder editar un producto existente" classname="productos.spec.ts" time="61.65">
<failure message="productos.spec.ts:78:5 Un usuario debería poder editar un producto existente" type="FAILURE">
<![CDATA[  [chromium] › productos.spec.ts:78:5 › Un usuario debería poder editar un producto existente ──────

    Test timeout of 30000ms exceeded.

    Error: page.waitForURL: Test timeout of 30000ms exceeded.
    =========================== logs ===========================
    waiting for navigation to "**/productos" until "load"
    ============================================================

      104 |   
      105 |   // 7. Verificar redirección y cambios guardados
    > 106 |   await page.waitForURL('**/productos', { timeout: 45000 });
          |              ^
      107 |   await page.waitForLoadState('networkidle');
      108 |   await expect(page.getByRole('cell', { name: nombreActualizado })).toBeVisible();
      109 |   // Verificar el precio en la misma fila del producto editado
        at /Users/moisesrodriguezpena/Documents/GitHub/Proyecto_final_ACS/front-inventario/tests/productos.spec.ts:106:14

    attachment #1: screenshot (image/png) ──────────────────────────────────────────────────────────
    ../test-results/productos-Un-usuario-deber-9d4c6-ditar-un-producto-existente-chromium/test-failed-1.png
    ────────────────────────────────────────────────────────────────────────────────────────────────

    attachment #2: video (video/webm) ──────────────────────────────────────────────────────────────
    ../test-results/productos-Un-usuario-deber-9d4c6-ditar-un-producto-existente-chromium/video.webm
    ────────────────────────────────────────────────────────────────────────────────────────────────

    Error Context: ../test-results/productos-Un-usuario-deber-9d4c6-ditar-un-producto-existente-chromium/error-context.md

    Retry #1 ───────────────────────────────────────────────────────────────────────────────────────

    Test timeout of 30000ms exceeded.

    Error: page.waitForURL: Test timeout of 30000ms exceeded.
    =========================== logs ===========================
    waiting for navigation to "**/productos" until "load"
    ============================================================

      104 |   
      105 |   // 7. Verificar redirección y cambios guardados
    > 106 |   await page.waitForURL('**/productos', { timeout: 45000 });
          |              ^
      107 |   await page.waitForLoadState('networkidle');
      108 |   await expect(page.getByRole('cell', { name: nombreActualizado })).toBeVisible();
      109 |   // Verificar el precio en la misma fila del producto editado
        at /Users/moisesrodriguezpena/Documents/GitHub/Proyecto_final_ACS/front-inventario/tests/productos.spec.ts:106:14

    attachment #1: screenshot (image/png) ──────────────────────────────────────────────────────────
    ../test-results/productos-Un-usuario-deber-9d4c6-ditar-un-producto-existente-chromium-retry1/test-failed-1.png
    ────────────────────────────────────────────────────────────────────────────────────────────────

    attachment #2: video (video/webm) ──────────────────────────────────────────────────────────────
    ../test-results/productos-Un-usuario-deber-9d4c6-ditar-un-producto-existente-chromium-retry1/video.webm
    ────────────────────────────────────────────────────────────────────────────────────────────────

    Error Context: ../test-results/productos-Un-usuario-deber-9d4c6-ditar-un-producto-existente-chromium-retry1/error-context.md

    attachment #4: trace (application/zip) ─────────────────────────────────────────────────────────
    ../test-results/productos-Un-usuario-deber-9d4c6-ditar-un-producto-existente-chromium-retry1/trace.zip
    Usage:

        npx playwright show-trace ../test-results/productos-Un-usuario-deber-9d4c6-ditar-un-producto-existente-chromium-retry1/trace.zip

    ────────────────────────────────────────────────────────────────────────────────────────────────
]]>
</failure>
<system-out>
<![CDATA[
[[ATTACHMENT|productos-Un-usuario-deber-9d4c6-ditar-un-producto-existente-chromium/test-failed-1.png]]

[[ATTACHMENT|productos-Un-usuario-deber-9d4c6-ditar-un-producto-existente-chromium/video.webm]]

[[ATTACHMENT|productos-Un-usuario-deber-9d4c6-ditar-un-producto-existente-chromium/error-context.md]]

[[ATTACHMENT|productos-Un-usuario-deber-9d4c6-ditar-un-producto-existente-chromium-retry1/test-failed-1.png]]

[[ATTACHMENT|productos-Un-usuario-deber-9d4c6-ditar-un-producto-existente-chromium-retry1/video.webm]]

[[ATTACHMENT|productos-Un-usuario-deber-9d4c6-ditar-un-producto-existente-chromium-retry1/error-context.md]]

[[ATTACHMENT|productos-Un-usuario-deber-9d4c6-ditar-un-producto-existente-chromium-retry1/trace.zip]]
]]>
</system-out>
</testcase>
<testcase name="Un usuario debería poder actualizar el stock de un producto" classname="productos.spec.ts" time="32.833">
<system-out>
<![CDATA[
[[ATTACHMENT|productos-Un-usuario-deber-1281a-zar-el-stock-de-un-producto-chromium/test-failed-1.png]]

[[ATTACHMENT|productos-Un-usuario-deber-1281a-zar-el-stock-de-un-producto-chromium/video.webm]]

[[ATTACHMENT|productos-Un-usuario-deber-1281a-zar-el-stock-de-un-producto-chromium/error-context.md]]

[[ATTACHMENT|productos-Un-usuario-deber-1281a-zar-el-stock-de-un-producto-chromium-retry1/trace.zip]]
]]>
</system-out>
</testcase>
<testcase name="Un usuario debería poder eliminar un producto" classname="productos.spec.ts" time="18.778">
<failure message="productos.spec.ts:147:5 Un usuario debería poder eliminar un producto" type="FAILURE">
<![CDATA[  [chromium] › productos.spec.ts:147:5 › Un usuario debería poder eliminar un producto ─────────────

    Error: Timed out 5000ms waiting for expect(locator).toBeVisible()

    Locator: getByRole('cell', { name: 'Producto a Eliminar 1756308051814' })
    Expected: visible
    Received: <element(s) not found>
    Call log:
      - Expect "toBeVisible" with timeout 5000ms
      - waiting for getByRole('cell', { name: 'Producto a Eliminar 1756308051814' })


      179 |   await expect(page.getByRole('heading', { name: 'Productos' })).toBeVisible();
      180 |   await page.waitForSelector('tbody tr', { timeout: 10000 });
    > 181 |   await expect(page.getByRole('cell', { name: nombreTemporal })).toBeVisible();
          |                                                                  ^
      182 |   
      183 |   // 4. Buscar el producto específico y eliminarlo
      184 |   const filaProducto = page.locator('tr', { hasText: nombreTemporal });
        at /Users/moisesrodriguezpena/Documents/GitHub/Proyecto_final_ACS/front-inventario/tests/productos.spec.ts:181:66

    attachment #1: screenshot (image/png) ──────────────────────────────────────────────────────────
    ../test-results/productos-Un-usuario-debería-poder-eliminar-un-producto-chromium/test-failed-1.png
    ────────────────────────────────────────────────────────────────────────────────────────────────

    attachment #2: video (video/webm) ──────────────────────────────────────────────────────────────
    ../test-results/productos-Un-usuario-debería-poder-eliminar-un-producto-chromium/video.webm
    ────────────────────────────────────────────────────────────────────────────────────────────────

    Error Context: ../test-results/productos-Un-usuario-debería-poder-eliminar-un-producto-chromium/error-context.md

    Retry #1 ───────────────────────────────────────────────────────────────────────────────────────

    Error: Timed out 5000ms waiting for expect(locator).toBeVisible()

    Locator: getByRole('cell', { name: 'Producto a Eliminar 1756308062852' })
    Expected: visible
    Received: <element(s) not found>
    Call log:
      - Expect "toBeVisible" with timeout 5000ms
      - waiting for getByRole('cell', { name: 'Producto a Eliminar 1756308062852' })


      179 |   await expect(page.getByRole('heading', { name: 'Productos' })).toBeVisible();
      180 |   await page.waitForSelector('tbody tr', { timeout: 10000 });
    > 181 |   await expect(page.getByRole('cell', { name: nombreTemporal })).toBeVisible();
          |                                                                  ^
      182 |   
      183 |   // 4. Buscar el producto específico y eliminarlo
      184 |   const filaProducto = page.locator('tr', { hasText: nombreTemporal });
        at /Users/moisesrodriguezpena/Documents/GitHub/Proyecto_final_ACS/front-inventario/tests/productos.spec.ts:181:66

    attachment #1: screenshot (image/png) ──────────────────────────────────────────────────────────
    ../test-results/productos-Un-usuario-debería-poder-eliminar-un-producto-chromium-retry1/test-failed-1.png
    ────────────────────────────────────────────────────────────────────────────────────────────────

    attachment #2: video (video/webm) ──────────────────────────────────────────────────────────────
    ../test-results/productos-Un-usuario-debería-poder-eliminar-un-producto-chromium-retry1/video.webm
    ────────────────────────────────────────────────────────────────────────────────────────────────

    Error Context: ../test-results/productos-Un-usuario-debería-poder-eliminar-un-producto-chromium-retry1/error-context.md

    attachment #4: trace (application/zip) ─────────────────────────────────────────────────────────
    ../test-results/productos-Un-usuario-debería-poder-eliminar-un-producto-chromium-retry1/trace.zip
    Usage:

        npx playwright show-trace ../test-results/productos-Un-usuario-debería-poder-eliminar-un-producto-chromium-retry1/trace.zip

    ────────────────────────────────────────────────────────────────────────────────────────────────
]]>
</failure>
<system-out>
<![CDATA[
[[ATTACHMENT|productos-Un-usuario-debería-poder-eliminar-un-producto-chromium/test-failed-1.png]]

[[ATTACHMENT|productos-Un-usuario-debería-poder-eliminar-un-producto-chromium/video.webm]]

[[ATTACHMENT|productos-Un-usuario-debería-poder-eliminar-un-producto-chromium/error-context.md]]

[[ATTACHMENT|productos-Un-usuario-debería-poder-eliminar-un-producto-chromium-retry1/test-failed-1.png]]

[[ATTACHMENT|productos-Un-usuario-debería-poder-eliminar-un-producto-chromium-retry1/video.webm]]

[[ATTACHMENT|productos-Un-usuario-debería-poder-eliminar-un-producto-chromium-retry1/error-context.md]]

[[ATTACHMENT|productos-Un-usuario-debería-poder-eliminar-un-producto-chromium-retry1/trace.zip]]
]]>
</system-out>
</testcase>
</testsuite>
</testsuites>